<?xml version='1.0' encoding='UTF-8'?>
<testsuite hostname="Himanshus-MacBook-Air.local" name="org.CS441.hw3.hdongr2.ConfigSpec" tests="4" errors="0" failures="0" skipped="0" time="0.007" timestamp="2024-12-01T00:45:45">
          <properties>
[...]
</properties>
          <testcase classname="org.CS441.hw3.hdongr2.ConfigSpec" name="The root config should have max tokens in the path" time="0.007">
                      
                    </testcase><testcase classname="org.CS441.hw3.hdongr2.ConfigSpec" name="The root config should have a RESTful server configuration in the path" time="0.0">
                      
                    </testcase><testcase classname="org.CS441.hw3.hdongr2.ConfigSpec" name="The server config should should have its host IP in the path" time="0.0">
                      
                    </testcase><testcase classname="org.CS441.hw3.hdongr2.ConfigSpec" name="The server config should should have its port in the path" time="0.0">
                      
                    </testcase>
          <system-out><![CDATA[]]></system-out>
          <system-err><![CDATA[]]></system-err>
        </testsuite>